0 info it worked if it ends with ok
1 verbose cli [ 'C:\\Program Files (x86)\\nodejs\\node.exe',
1 verbose cli   'C:\\Users\\padma_000\\AppData\\Roaming\\npm\\node_modules\\npm\\bin\\npm-cli.js',
1 verbose cli   'install',
1 verbose cli   '—save',
1 verbose cli   'sequelize' ]
2 info using npm@3.3.12
3 info using node@v6.3.0
4 silly loadCurrentTree Starting
5 silly install loadCurrentTree
6 silly install readLocalPackageData
7 silly fetchPackageMetaData —save
8 silly fetchPackageMetaData sequelize
9 silly fetchOtherPackageData —save
10 silly cache add args [ '—save', null ]
11 verbose cache add spec —save
12 silly fetchNamedPackageData sequelize
13 silly mapToRegistry name sequelize
14 silly mapToRegistry using default registry
15 silly mapToRegistry registry https://registry.npmjs.org/
16 silly mapToRegistry uri https://registry.npmjs.org/sequelize
17 silly cache add parsed spec Result {
17 silly cache add   raw: '—save',
17 silly cache add   scope: null,
17 silly cache add   name: null,
17 silly cache add   rawSpec: '—save',
17 silly cache add   spec: 'C:\\Users\\padma_000\\Desktop\\BootCamp\\week15-jawsdb-seuelize\\—save',
17 silly cache add   type: 'local' }
18 verbose request uri https://registry.npmjs.org/sequelize
19 verbose request no auth needed
20 info attempt registry request try #1 at 2:43:38 PM
21 verbose request id 52418ac03189af18
22 http request GET https://registry.npmjs.org/sequelize
23 error addLocal Could not install C:\Users\padma_000\Desktop\BootCamp\week15-jawsdb-seuelize\—save
24 silly fetchPackageMetaData Error: ENOENT: no such file or directory, open 'C:\Users\padma_000\Desktop\BootCamp\week15-jawsdb-seuelize\—save'
24 silly fetchPackageMetaData     at Error (native)
24 silly fetchPackageMetaData  error for —save { Error: ENOENT: no such file or directory, open 'C:\Users\padma_000\Desktop\BootCamp\week15-jawsdb-seuelize\—save'
24 silly fetchPackageMetaData     at Error (native)
24 silly fetchPackageMetaData   errno: -4058,
24 silly fetchPackageMetaData   code: 'ENOENT',
24 silly fetchPackageMetaData   syscall: 'open',
24 silly fetchPackageMetaData   path: 'C:\\Users\\padma_000\\Desktop\\BootCamp\\week15-jawsdb-seuelize\\—save' }
25 verbose stack TypeError: The header content contains invalid characters
25 verbose stack     at ClientRequest.OutgoingMessage.setHeader (_http_outgoing.js:348:11)
25 verbose stack     at new ClientRequest (_http_client.js:85:14)
25 verbose stack     at Object.exports.request (http.js:31:10)
25 verbose stack     at Object.exports.request (https.js:199:15)
25 verbose stack     at Request.start (C:\Users\padma_000\AppData\Roaming\npm\node_modules\npm\node_modules\request\request.js:793:30)
25 verbose stack     at Request.end (C:\Users\padma_000\AppData\Roaming\npm\node_modules\npm\node_modules\request\request.js:1400:10)
25 verbose stack     at end (C:\Users\padma_000\AppData\Roaming\npm\node_modules\npm\node_modules\request\request.js:564:14)
25 verbose stack     at Immediate.<anonymous> (C:\Users\padma_000\AppData\Roaming\npm\node_modules\npm\node_modules\request\request.js:578:7)
25 verbose stack     at runCallback (timers.js:566:20)
25 verbose stack     at tryOnImmediate (timers.js:546:5)
26 verbose cwd C:\Users\padma_000\Desktop\BootCamp\week15-jawsdb-seuelize
27 error Windows_NT 10.0.10586
28 error argv "C:\\Program Files (x86)\\nodejs\\node.exe" "C:\\Users\\padma_000\\AppData\\Roaming\\npm\\node_modules\\npm\\bin\\npm-cli.js" "install" "—save" "sequelize"
29 error node v6.3.0
30 error npm  v3.3.12
31 error The header content contains invalid characters
32 error If you need help, you may report this error at:
32 error     <https://github.com/npm/npm/issues>
33 verbose exit [ 1, true ]
